TF6BD0F40 000:001.786   SEGGER J-Link V8.44a Log File
TF6BD0F40 000:001.986   DLL Compiled: Jun 18 2025 16:32:45
TF6BD0F40 000:001.990   Logging started @ 2025-08-12 08:00
TF6BD0F40 000:001.993   Process: /Users/kim_kyoungkun/.eclipse/com.renesas.platform_589702750/DebugComp/RA/e2-server-gdb
TF6BD0F40 000:001.997 - 1.996ms 
TF6BD0F40 000:002.002 JLINK_GetDLLVersion()
TF6BD0F40 000:002.006 - 0.004ms returns 84401
TF6BD0F40 000:006.332 JLINK_OpenEx(...)
TF6BD0F40 000:011.896   Firmware: J-Link OB-RA4M2 compiled Apr  1 2025 10:13:55
TF6BD0F40 000:012.466   Firmware: J-Link OB-RA4M2 compiled Apr  1 2025 10:13:55
TF6BD0F40 000:024.197   Hardware: V1.00
TF6BD0F40 000:024.206   S/N: 1088685994
TF6BD0F40 000:024.211   OEM: SEGGER
TF6BD0F40 000:024.215   Feature(s): None
TF6BD0F40 000:024.662   Bootloader: 2021 May 14
TF6BD0F40 000:025.004   USB speed mode: Full speed (12 MBit/s)
TF6BD0F40 000:025.704   TELNET listener socket opened on port 19021
TF6BD0F40 000:025.733   WEBSRV WEBSRV_Init(): Starting webserver thread(s)
TF6BD0F40 000:025.792   WEBSRV Webserver running on local port 19080
TF6BD0F40 000:025.805   Looking for J-Link GUI Server exe at: /Users/kim_kyoungkun/.eclipse/com.renesas.platform_589702750/DebugComp/RA/ARM/Segger_v8.44.1/JLinkGUIServerExe
TF6BD0F40 000:025.818   Looking for J-Link GUI Server exe at: /Applications/SEGGER/JLink/JLinkGUIServerExe
TF6BD0F40 000:025.845   Forking J-Link GUI Server: /Applications/SEGGER/JLink/JLinkGUIServerExe
TF6BD0F40 000:027.270   J-Link GUI Server info: "J-Link GUI server V8.54 "
TF6BD0F40 000:027.541 - 21.208ms returns "O.K."
TF6BD0F40 000:027.571 JLINK_TIF_Select(JLINKARM_TIF_SWD)
TF6BD0F40 000:028.179 - 0.608ms returns 0x00
TF6BD0F40 000:028.190 JLINK_ClrRESET()
TF6BD0F40 000:028.366 - 0.176ms 
TF6BD0F40 000:079.592 JLINK_SetSpeed(1500)
TF6BD0F40 000:079.942 - 0.352ms 
TF6BD0F40 000:079.951 JLINK_CORESIGHT_Configure(PerformTIFInit=0)
TF6BD0F40 000:080.352 - 0.402ms returns 0
TF6BD0F40 000:080.359 JLINK_CORESIGHT_ReadAPDPReg(DP reg 0x00)
TF6BD0F40 000:080.778   Value=0x6BA02477
TF6BD0F40 000:080.786 - 0.427ms returns 0
TF6BD0F40 000:080.790 JLINK_CORESIGHT_WriteAPDPReg(DP reg 0x00, 0x0000001F)
TF6BD0F40 000:081.016 - 0.226ms returns 0
TF6BD0F40 000:081.022 JLINK_CORESIGHT_ReadAPDPReg(DP reg 0x00)
TF6BD0F40 000:081.281   Value=0x6BA02477
TF6BD0F40 000:081.288 - 0.266ms returns 0
TF6BD0F40 000:081.292 JLINK_CORESIGHT_WriteAPDPReg(DP reg 0x02, 0x00000000)
TF6BD0F40 000:081.518 - 0.226ms returns 0
TF6BD0F40 000:081.524 JLINK_CORESIGHT_WriteAPDPReg(DP reg 0x01, 0x50000000)
TF6BD0F40 000:081.744 - 0.219ms returns 0
TF6BD0F40 000:081.750 JLINK_CORESIGHT_ReadAPDPReg(DP reg 0x01)
TF6BD0F40 000:081.968   Value=0xF0000040
TF6BD0F40 000:081.974 - 0.224ms returns 0
TF6BD0F40 000:081.978 JLINK_CORESIGHT_WriteAPDPReg(DP reg 0x00, 0x0000001F)
TF6BD0F40 000:082.262 - 0.284ms returns 0
TF6BD0F40 000:082.267 JLINK_CORESIGHT_ReadAPDPReg(DP reg 0x00)
TF6BD0F40 000:082.457   Value=0x6BA02477
TF6BD0F40 000:082.464 - 0.196ms returns 0
TF6BD0F40 000:082.467 JLINK_CORESIGHT_WriteAPDPReg(DP reg 0x01, 0x54000000)
TF6BD0F40 000:082.667 - 0.200ms returns 0
TF6BD0F40 000:082.672 JLINK_CORESIGHT_WriteAPDPReg(DP reg 0x01, 0x50000F00)
TF6BD0F40 000:082.883 - 0.211ms returns 0
TF6BD0F40 000:082.888 JLINK_CORESIGHT_WriteAPDPReg(DP reg 0x02, 0x01000000)
TF6BD0F40 000:083.093 - 0.205ms returns 0
TF6BD0F40 000:083.099 JLINK_CORESIGHT_WriteAPDPReg(AP reg 0x00, 0x80000002)
TF6BD0F40 000:083.334 - 0.235ms returns 0
TF6BD0F40 000:083.340 JLINK_CORESIGHT_WriteAPDPReg(AP reg 0x01, 0x80011100)
TF6BD0F40 000:083.546 - 0.206ms returns 0
TF6BD0F40 000:083.551 JLINK_CORESIGHT_WriteAPDPReg(AP reg 0x03, 0x000000A5)
TF6BD0F40 000:083.812 - 0.258ms returns 0
TF6BD0F40 000:083.870 JLINK_CORESIGHT_WriteAPDPReg(AP reg 0x00, 0x80000002)
TF6BD0F40 000:084.129 - 0.258ms returns 0
TF6BD0F40 000:084.142 JLINK_CORESIGHT_WriteAPDPReg(AP reg 0x01, 0x80011100)
TF6BD0F40 000:084.386 - 0.244ms returns 0
TF6BD0F40 000:084.392 JLINK_CORESIGHT_ReadAPDPReg(AP reg 0x03)
TF6BD0F40 000:084.665   Value=0x000000A5
TF6BD0F40 000:084.685 - 0.293ms returns 0
TF6BD0F40 000:084.690 JLINK_ClrTMS()
TF6BD0F40 000:084.785 - 0.095ms 
TF6BD0F40 000:090.405 JLINK_SetTCK()
TF6BD0F40 000:090.553 - 0.147ms returns 0
TF6BD0F40 000:096.533 JLINK_SetRESET()
TF6BD0F40 000:096.682 - 0.149ms 
TF6BD0F40 000:298.375 JLINK_CORESIGHT_WriteAPDPReg(AP reg 0x00, 0x80000002)
TF6BD0F40 000:298.728 - 0.354ms returns 0
TF6BD0F40 000:298.738 JLINK_CORESIGHT_WriteAPDPReg(AP reg 0x01, 0x80011100)
TF6BD0F40 000:298.956 - 0.218ms returns 0
TF6BD0F40 000:298.964 JLINK_CORESIGHT_ReadAPDPReg(AP reg 0x03)
TF6BD0F40 000:299.220   Value=0x00000000
TF6BD0F40 000:299.236 - 0.272ms returns 0
TF6BD0F40 000:299.244 JLINK_CORESIGHT_WriteAPDPReg(AP reg 0x00, 0x80000002)
TF6BD0F40 000:299.469 - 0.226ms returns 0
TF6BD0F40 000:299.477 JLINK_CORESIGHT_WriteAPDPReg(AP reg 0x01, 0x80011140)
TF6BD0F40 000:299.707 - 0.230ms returns 0
TF6BD0F40 000:299.715 JLINK_CORESIGHT_ReadAPDPReg(AP reg 0x03)
TF6BD0F40 000:299.988   Value=0x00000002
TF6BD0F40 000:299.996 - 0.281ms returns 0
TF6BD0F40 000:300.002 JLINK_CORESIGHT_WriteAPDPReg(AP reg 0x00, 0x80000002)
TF6BD0F40 000:300.212 - 0.210ms returns 0
TF6BD0F40 000:300.219 JLINK_CORESIGHT_WriteAPDPReg(AP reg 0x01, 0x80011120)
TF6BD0F40 000:300.445 - 0.226ms returns 0
TF6BD0F40 000:300.452 JLINK_CORESIGHT_WriteAPDPReg(AP reg 0x03, 0x00000055)
TF6BD0F40 000:300.699 - 0.248ms returns 0
TF6BD0F40 000:300.706 JLINK_CORESIGHT_WriteAPDPReg(AP reg 0x00, 0x80000002)
TF6BD0F40 000:300.925 - 0.219ms returns 0
TF6BD0F40 000:300.932 JLINK_CORESIGHT_WriteAPDPReg(AP reg 0x01, 0x80011140)
TF6BD0F40 000:301.179 - 0.248ms returns 0
TF6BD0F40 000:301.185 JLINK_CORESIGHT_ReadAPDPReg(AP reg 0x03)
TF6BD0F40 000:301.452   Value=0x00000002
TF6BD0F40 000:301.459 - 0.274ms returns 0
TF6BD0F40 000:301.464 JLINK_CORESIGHT_ReadAPDPReg(AP reg 0x03)
TF6BD0F40 000:301.726   Value=0x00000002
TF6BD0F40 000:301.733 - 0.270ms returns 0
TF6BD0F40 000:301.737 JLINK_CORESIGHT_ReadAPDPReg(AP reg 0x03)
TF6BD0F40 000:302.003   Value=0x00000002
TF6BD0F40 000:302.010 - 0.273ms returns 0
TF6BD0F40 000:302.014 JLINK_CORESIGHT_ReadAPDPReg(AP reg 0x03)
TF6BD0F40 000:302.286   Value=0x00000002
TF6BD0F40 000:302.294 - 0.280ms returns 0
TF6BD0F40 000:302.298 JLINK_CORESIGHT_ReadAPDPReg(AP reg 0x03)
TF6BD0F40 000:302.565   Value=0x00000002
TF6BD0F40 000:302.572 - 0.274ms returns 0
TF6BD0F40 000:302.577 JLINK_CORESIGHT_ReadAPDPReg(AP reg 0x03)
TF6BD0F40 000:302.847   Value=0x00000002
TF6BD0F40 000:302.855 - 0.278ms returns 0
TF6BD0F40 000:302.859 JLINK_CORESIGHT_ReadAPDPReg(AP reg 0x03)
TF6BD0F40 000:303.122   Value=0x00000002
TF6BD0F40 000:303.129 - 0.270ms returns 0
TF6BD0F40 000:303.133 JLINK_CORESIGHT_ReadAPDPReg(AP reg 0x03)
TF6BD0F40 000:303.404   Value=0x00000002
TF6BD0F40 000:303.411 - 0.278ms returns 0
TF6BD0F40 000:303.415 JLINK_CORESIGHT_ReadAPDPReg(AP reg 0x03)
TF6BD0F40 000:303.686   Value=0x00000002
TF6BD0F40 000:303.693 - 0.278ms returns 0
TF6BD0F40 000:303.698 JLINK_CORESIGHT_ReadAPDPReg(AP reg 0x03)
TF6BD0F40 000:303.981   Value=0x00000002
TF6BD0F40 000:303.988 - 0.290ms returns 0
TF6BD0F40 000:303.992 JLINK_CORESIGHT_ReadAPDPReg(AP reg 0x03)
TF6BD0F40 000:304.269   Value=0x00000002
TF6BD0F40 000:304.276 - 0.284ms returns 0
TF6BD0F40 000:304.281 JLINK_CORESIGHT_ReadAPDPReg(AP reg 0x03)
TF6BD0F40 000:304.551   Value=0x00000002
TF6BD0F40 000:304.559 - 0.279ms returns 0
TF6BD0F40 000:304.563 JLINK_CORESIGHT_ReadAPDPReg(AP reg 0x03)
TF6BD0F40 000:304.826   Value=0x00000002
TF6BD0F40 000:304.836 - 0.273ms returns 0
TF6BD0F40 000:304.841 JLINK_CORESIGHT_ReadAPDPReg(AP reg 0x03)
TF6BD0F40 000:305.096   Value=0x00000002
TF6BD0F40 000:305.103 - 0.262ms returns 0
TF6BD0F40 000:305.107 JLINK_CORESIGHT_ReadAPDPReg(AP reg 0x03)
TF6BD0F40 000:305.365   Value=0x00000002
TF6BD0F40 000:305.372 - 0.265ms returns 0
TF6BD0F40 000:305.377 JLINK_CORESIGHT_ReadAPDPReg(AP reg 0x03)
TF6BD0F40 000:305.634   Value=0x00000002
TF6BD0F40 000:305.642 - 0.265ms returns 0
TF6BD0F40 000:305.646 JLINK_CORESIGHT_ReadAPDPReg(AP reg 0x03)
TF6BD0F40 000:305.917   Value=0x00000002
TF6BD0F40 000:305.924 - 0.278ms returns 0
TF6BD0F40 000:305.928 JLINK_CORESIGHT_ReadAPDPReg(AP reg 0x03)
TF6BD0F40 000:306.179   Value=0x00000002
TF6BD0F40 000:306.186 - 0.258ms returns 0
TF6BD0F40 000:306.190 JLINK_CORESIGHT_ReadAPDPReg(AP reg 0x03)
TF6BD0F40 000:306.460   Value=0x00000002
TF6BD0F40 000:306.468 - 0.278ms returns 0
TF6BD0F40 000:306.472 JLINK_CORESIGHT_ReadAPDPReg(AP reg 0x03)
TF6BD0F40 000:306.754   Value=0x00000002
TF6BD0F40 000:306.761 - 0.289ms returns 0
TF6BD0F40 000:306.766 JLINK_CORESIGHT_ReadAPDPReg(AP reg 0x03)
TF6BD0F40 000:307.019   Value=0x00000002
TF6BD0F40 000:307.026 - 0.260ms returns 0
TF6BD0F40 000:307.030 JLINK_CORESIGHT_ReadAPDPReg(AP reg 0x03)
TF6BD0F40 000:307.270   Value=0x00000002
TF6BD0F40 000:307.277 - 0.247ms returns 0
TF6BD0F40 000:307.282 JLINK_CORESIGHT_ReadAPDPReg(AP reg 0x03)
TF6BD0F40 000:307.594   Value=0x00000002
TF6BD0F40 000:307.601 - 0.319ms returns 0
TF6BD0F40 000:307.605 JLINK_CORESIGHT_ReadAPDPReg(AP reg 0x03)
TF6BD0F40 000:307.865   Value=0x00000002
TF6BD0F40 000:307.872 - 0.267ms returns 0
TF6BD0F40 000:307.876 JLINK_CORESIGHT_ReadAPDPReg(AP reg 0x03)
TF6BD0F40 000:308.132   Value=0x00000002
TF6BD0F40 000:308.139 - 0.263ms returns 0
TF6BD0F40 000:308.144 JLINK_CORESIGHT_ReadAPDPReg(AP reg 0x03)
TF6BD0F40 000:308.395   Value=0x00000002
TF6BD0F40 000:308.402 - 0.258ms returns 0
TF6BD0F40 000:308.406 JLINK_CORESIGHT_ReadAPDPReg(AP reg 0x03)
TF6BD0F40 000:308.725   Value=0x00000002
TF6BD0F40 000:308.732 - 0.326ms returns 0
TF6BD0F40 000:308.737 JLINK_CORESIGHT_ReadAPDPReg(AP reg 0x03)
TF6BD0F40 000:308.980   Value=0x00000002
TF6BD0F40 000:308.988 - 0.251ms returns 0
TF6BD0F40 000:308.992 JLINK_CORESIGHT_ReadAPDPReg(AP reg 0x03)
TF6BD0F40 000:309.248   Value=0x00000002
TF6BD0F40 000:309.255 - 0.263ms returns 0
TF6BD0F40 000:309.260 JLINK_CORESIGHT_ReadAPDPReg(AP reg 0x03)
TF6BD0F40 000:309.553   Value=0x00000002
TF6BD0F40 000:309.560 - 0.300ms returns 0
TF6BD0F40 000:309.564 JLINK_CORESIGHT_ReadAPDPReg(AP reg 0x03)
TF6BD0F40 000:309.817   Value=0x00000002
TF6BD0F40 000:309.824 - 0.260ms returns 0
TF6BD0F40 000:309.828 JLINK_CORESIGHT_ReadAPDPReg(AP reg 0x03)
TF6BD0F40 000:310.085   Value=0x00000002
TF6BD0F40 000:310.093 - 0.264ms returns 0
TF6BD0F40 000:310.097 JLINK_CORESIGHT_ReadAPDPReg(AP reg 0x03)
TF6BD0F40 000:310.350   Value=0x00000002
TF6BD0F40 000:310.357 - 0.259ms returns 0
TF6BD0F40 000:310.361 JLINK_CORESIGHT_ReadAPDPReg(AP reg 0x03)
TF6BD0F40 000:310.618   Value=0x00000002
TF6BD0F40 000:310.626 - 0.265ms returns 0
TF6BD0F40 000:310.630 JLINK_CORESIGHT_ReadAPDPReg(AP reg 0x03)
TF6BD0F40 000:310.906   Value=0x00000002
TF6BD0F40 000:310.913 - 0.283ms returns 0
TF6BD0F40 000:310.917 JLINK_CORESIGHT_ReadAPDPReg(AP reg 0x03)
TF6BD0F40 000:311.178   Value=0x00000002
TF6BD0F40 000:311.184 - 0.267ms returns 0
TF6BD0F40 000:311.188 JLINK_CORESIGHT_ReadAPDPReg(AP reg 0x03)
TF6BD0F40 000:311.521   Value=0x00000002
TF6BD0F40 000:311.527 - 0.339ms returns 0
TF6BD0F40 000:311.531 JLINK_CORESIGHT_ReadAPDPReg(AP reg 0x03)
TF6BD0F40 000:311.778   Value=0x00000002
TF6BD0F40 000:311.784 - 0.253ms returns 0
TF6BD0F40 000:311.789 JLINK_CORESIGHT_ReadAPDPReg(AP reg 0x03)
TF6BD0F40 000:312.036   Value=0x00000000
TF6BD0F40 000:312.042 - 0.254ms returns 0
TF6BD0F40 000:312.047 JLINK_CORESIGHT_WriteAPDPReg(AP reg 0x00, 0x80000002)
TF6BD0F40 000:312.252 - 0.206ms returns 0
TF6BD0F40 000:312.258 JLINK_CORESIGHT_WriteAPDPReg(AP reg 0x01, 0x80011130)
TF6BD0F40 000:312.489 - 0.230ms returns 0
TF6BD0F40 000:312.494 JLINK_CORESIGHT_ReadAPDPReg(AP reg 0x03)
TF6BD0F40 000:312.753   Value=0x000000C6
TF6BD0F40 000:312.760 - 0.266ms returns 0
TF6BD0F40 000:312.768 JLINK_CORESIGHT_WriteAPDPReg(AP reg 0x00, 0x80000002)
TF6BD0F40 000:312.970 - 0.202ms returns 0
TF6BD0F40 000:312.975 JLINK_CORESIGHT_WriteAPDPReg(AP reg 0x01, 0x80011140)
TF6BD0F40 000:313.178 - 0.203ms returns 0
TF6BD0F40 000:313.183 JLINK_CORESIGHT_ReadAPDPReg(AP reg 0x03)
TF6BD0F40 000:313.483   Value=0x00000002
TF6BD0F40 000:313.495 - 0.312ms returns 0
TF6BD0F40 000:313.499 JLINK_CORESIGHT_WriteAPDPReg(AP reg 0x00, 0x80000002)
TF6BD0F40 000:313.714 - 0.215ms returns 0
TF6BD0F40 000:313.719 JLINK_CORESIGHT_WriteAPDPReg(AP reg 0x01, 0x80011120)
TF6BD0F40 000:313.930 - 0.211ms returns 0
TF6BD0F40 000:313.935 JLINK_CORESIGHT_WriteAPDPReg(AP reg 0x03, 0x3A010001)
TF6BD0F40 000:314.151 - 0.216ms returns 0
TF6BD0F40 000:314.157 JLINK_CORESIGHT_WriteAPDPReg(AP reg 0x00, 0x80000002)
TF6BD0F40 000:314.370 - 0.213ms returns 0
TF6BD0F40 000:314.375 JLINK_CORESIGHT_WriteAPDPReg(AP reg 0x01, 0x80011140)
TF6BD0F40 000:314.599 - 0.224ms returns 0
TF6BD0F40 000:314.607 JLINK_CORESIGHT_ReadAPDPReg(AP reg 0x03)
TF6BD0F40 000:314.852   Value=0x00000002
TF6BD0F40 000:314.858 - 0.251ms returns 0
TF6BD0F40 000:314.864 JLINK_CORESIGHT_WriteAPDPReg(AP reg 0x00, 0x80000002)
TF6BD0F40 000:315.062 - 0.198ms returns 0
TF6BD0F40 000:315.069 JLINK_CORESIGHT_WriteAPDPReg(AP reg 0x01, 0x80011120)
TF6BD0F40 000:315.275 - 0.206ms returns 0
TF6BD0F40 000:315.281 JLINK_CORESIGHT_WriteAPDPReg(AP reg 0x03, 0x000003C5)
TF6BD0F40 000:315.481 - 0.200ms returns 0
TF6BD0F40 000:315.488 JLINK_CORESIGHT_WriteAPDPReg(AP reg 0x00, 0x80000002)
TF6BD0F40 000:315.693 - 0.204ms returns 0
TF6BD0F40 000:315.699 JLINK_CORESIGHT_WriteAPDPReg(AP reg 0x01, 0x80011140)
TF6BD0F40 000:315.904 - 0.205ms returns 0
TF6BD0F40 000:315.911 JLINK_CORESIGHT_ReadAPDPReg(AP reg 0x03)
TF6BD0F40 000:316.169   Value=0x00000002
TF6BD0F40 000:316.175 - 0.264ms returns 0
TF6BD0F40 000:316.181 JLINK_CORESIGHT_ReadAPDPReg(AP reg 0x03)
TF6BD0F40 000:316.439   Value=0x00000002
TF6BD0F40 000:316.445 - 0.264ms returns 0
TF6BD0F40 000:316.451 JLINK_CORESIGHT_ReadAPDPReg(AP reg 0x03)
TF6BD0F40 000:316.687   Value=0x00000002
TF6BD0F40 000:316.693 - 0.243ms returns 0
TF6BD0F40 000:316.699 JLINK_CORESIGHT_ReadAPDPReg(AP reg 0x03)
TF6BD0F40 000:316.948   Value=0x00000002
TF6BD0F40 000:316.954 - 0.255ms returns 0
TF6BD0F40 000:316.960 JLINK_CORESIGHT_ReadAPDPReg(AP reg 0x03)
TF6BD0F40 000:317.202   Value=0x00000002
TF6BD0F40 000:317.208 - 0.248ms returns 0
TF6BD0F40 000:317.218 JLINK_CORESIGHT_ReadAPDPReg(AP reg 0x03)
TF6BD0F40 000:317.482   Value=0x00000002
TF6BD0F40 000:317.489 - 0.271ms returns 0
TF6BD0F40 000:317.494 JLINK_CORESIGHT_ReadAPDPReg(AP reg 0x03)
TF6BD0F40 000:317.756   Value=0x00000002
TF6BD0F40 000:317.763 - 0.269ms returns 0
TF6BD0F40 000:317.768 JLINK_CORESIGHT_ReadAPDPReg(AP reg 0x03)
TF6BD0F40 000:318.015   Value=0x00000002
TF6BD0F40 000:318.022 - 0.254ms returns 0
TF6BD0F40 000:318.027 JLINK_CORESIGHT_ReadAPDPReg(AP reg 0x03)
TF6BD0F40 000:318.283   Value=0x00000002
TF6BD0F40 000:318.290 - 0.263ms returns 0
TF6BD0F40 000:318.296 JLINK_CORESIGHT_ReadAPDPReg(AP reg 0x03)
TF6BD0F40 000:318.557   Value=0x00000002
TF6BD0F40 000:318.564 - 0.268ms returns 0
TF6BD0F40 000:318.574 JLINK_CORESIGHT_ReadAPDPReg(AP reg 0x03)
TF6BD0F40 000:318.823   Value=0x00000002
TF6BD0F40 000:318.830 - 0.256ms returns 0
TF6BD0F40 000:318.835 JLINK_CORESIGHT_ReadAPDPReg(AP reg 0x03)
TF6BD0F40 000:319.086   Value=0x00000002
TF6BD0F40 000:319.092 - 0.257ms returns 0
TF6BD0F40 000:319.101 JLINK_CORESIGHT_ReadAPDPReg(AP reg 0x03)
TF6BD0F40 000:319.389   Value=0x00000002
TF6BD0F40 000:319.396 - 0.295ms returns 0
TF6BD0F40 000:319.401 JLINK_CORESIGHT_ReadAPDPReg(AP reg 0x03)
TF6BD0F40 000:319.670   Value=0x00000002
TF6BD0F40 000:319.677 - 0.276ms returns 0
TF6BD0F40 000:319.682 JLINK_CORESIGHT_ReadAPDPReg(AP reg 0x03)
TF6BD0F40 000:319.937   Value=0x00000000
TF6BD0F40 000:319.944 - 0.262ms returns 0
TF6BD0F40 000:319.949 JLINK_CORESIGHT_WriteAPDPReg(AP reg 0x00, 0x80000002)
TF6BD0F40 000:320.165 - 0.216ms returns 0
TF6BD0F40 000:320.172 JLINK_CORESIGHT_WriteAPDPReg(AP reg 0x01, 0x80011130)
TF6BD0F40 000:320.391 - 0.218ms returns 0
TF6BD0F40 000:320.397 JLINK_CORESIGHT_ReadAPDPReg(AP reg 0x03)
TF6BD0F40 000:320.659   Value=0x3A2A0081
TF6BD0F40 000:320.666 - 0.269ms returns 0
TF6BD0F40 000:320.671 JLINK_CORESIGHT_WriteAPDPReg(AP reg 0x00, 0x80000002)
TF6BD0F40 000:320.881 - 0.210ms returns 0
TF6BD0F40 000:320.887 JLINK_CORESIGHT_WriteAPDPReg(AP reg 0x01, 0x80011140)
TF6BD0F40 000:321.089 - 0.201ms returns 0
TF6BD0F40 000:321.097 JLINK_CORESIGHT_ReadAPDPReg(AP reg 0x03)
TF6BD0F40 000:321.363   Value=0x00000000
TF6BD0F40 000:321.369 - 0.272ms returns 0
TF6BD0F40 000:321.374 JLINK_CORESIGHT_WriteAPDPReg(AP reg 0x00, 0x80000002)
TF6BD0F40 000:321.590 - 0.215ms returns 0
TF6BD0F40 000:321.597 JLINK_CORESIGHT_WriteAPDPReg(AP reg 0x01, 0x80011130)
TF6BD0F40 000:321.781 - 0.184ms returns 0
TF6BD0F40 000:321.787 JLINK_CORESIGHT_ReadAPDPReg(AP reg 0x03)
TF6BD0F40 000:322.039   Value=0x808D5B00
TF6BD0F40 000:322.045 - 0.258ms returns 0
TF6BD0F40 000:322.050 JLINK_CORESIGHT_WriteAPDPReg(AP reg 0x00, 0x80000002)
TF6BD0F40 000:322.244 - 0.194ms returns 0
TF6BD0F40 000:322.253 JLINK_CORESIGHT_WriteAPDPReg(AP reg 0x01, 0x80011140)
TF6BD0F40 000:322.454 - 0.201ms returns 0
TF6BD0F40 000:322.460 JLINK_CORESIGHT_ReadAPDPReg(AP reg 0x03)
TF6BD0F40 000:322.693   Value=0x00000000
TF6BD0F40 000:322.699 - 0.239ms returns 0
TF6BD0F40 000:322.705 JLINK_CORESIGHT_WriteAPDPReg(AP reg 0x00, 0x80000002)
TF6BD0F40 000:322.894 - 0.189ms returns 0
TF6BD0F40 000:322.900 JLINK_CORESIGHT_WriteAPDPReg(AP reg 0x01, 0x80011130)
TF6BD0F40 000:323.099 - 0.199ms returns 0
TF6BD0F40 000:323.105 JLINK_CORESIGHT_ReadAPDPReg(AP reg 0x03)
TF6BD0F40 000:323.358   Value=0x0406070A
TF6BD0F40 000:323.365 - 0.260ms returns 0
TF6BD0F40 000:323.370 JLINK_CORESIGHT_WriteAPDPReg(AP reg 0x00, 0x80000002)
TF6BD0F40 000:323.575 - 0.205ms returns 0
TF6BD0F40 000:323.582 JLINK_CORESIGHT_WriteAPDPReg(AP reg 0x01, 0x80011140)
TF6BD0F40 000:323.782 - 0.200ms returns 0
TF6BD0F40 000:323.788 JLINK_CORESIGHT_ReadAPDPReg(AP reg 0x03)
TF6BD0F40 000:324.041   Value=0x00000000
TF6BD0F40 000:324.047 - 0.259ms returns 0
TF6BD0F40 000:324.052 JLINK_CORESIGHT_WriteAPDPReg(AP reg 0x00, 0x80000002)
TF6BD0F40 000:324.300 - 0.248ms returns 0
TF6BD0F40 000:324.307 JLINK_CORESIGHT_WriteAPDPReg(AP reg 0x01, 0x80011130)
TF6BD0F40 000:324.498 - 0.191ms returns 0
TF6BD0F40 000:324.505 JLINK_CORESIGHT_ReadAPDPReg(AP reg 0x03)
TF6BD0F40 000:324.754   Value=0x3154540B
TF6BD0F40 000:324.762 - 0.257ms returns 0
TF6BD0F40 000:324.770 JLINK_CORESIGHT_WriteAPDPReg(AP reg 0x00, 0x80000002)
TF6BD0F40 000:324.976 - 0.206ms returns 0
TF6BD0F40 000:324.984 JLINK_CORESIGHT_WriteAPDPReg(AP reg 0x01, 0x80011140)
TF6BD0F40 000:325.178 - 0.194ms returns 0
TF6BD0F40 000:325.184 JLINK_CORESIGHT_ReadAPDPReg(AP reg 0x03)
TF6BD0F40 000:325.451   Value=0x00000000
TF6BD0F40 000:325.457 - 0.273ms returns 0
TF6BD0F40 000:325.462 JLINK_CORESIGHT_WriteAPDPReg(AP reg 0x00, 0x80000002)
TF6BD0F40 000:325.671 - 0.210ms returns 0
TF6BD0F40 000:325.677 JLINK_CORESIGHT_WriteAPDPReg(AP reg 0x01, 0x80011130)
TF6BD0F40 000:325.873 - 0.196ms returns 0
TF6BD0F40 000:325.879 JLINK_CORESIGHT_ReadAPDPReg(AP reg 0x03)
TF6BD0F40 000:326.149   Value=0x54274B77
TF6BD0F40 000:326.155 - 0.276ms returns 0
TF6BD0F40 000:326.160 JLINK_CORESIGHT_WriteAPDPReg(AP reg 0x00, 0x80000002)
TF6BD0F40 000:326.381 - 0.221ms returns 0
TF6BD0F40 000:326.387 JLINK_CORESIGHT_WriteAPDPReg(AP reg 0x01, 0x80011140)
TF6BD0F40 000:326.599 - 0.212ms returns 0
TF6BD0F40 000:326.605 JLINK_CORESIGHT_ReadAPDPReg(AP reg 0x03)
TF6BD0F40 000:326.857   Value=0x00000000
TF6BD0F40 000:326.863 - 0.258ms returns 0
TF6BD0F40 000:326.868 JLINK_CORESIGHT_WriteAPDPReg(AP reg 0x00, 0x80000002)
TF6BD0F40 000:327.075 - 0.207ms returns 0
TF6BD0F40 000:327.081 JLINK_CORESIGHT_WriteAPDPReg(AP reg 0x01, 0x80011130)
TF6BD0F40 000:327.281 - 0.200ms returns 0
TF6BD0F40 000:327.287 JLINK_CORESIGHT_ReadAPDPReg(AP reg 0x03)
TF6BD0F40 000:327.544   Value=0x37395636
TF6BD0F40 000:327.550 - 0.263ms returns 0
TF6BD0F40 000:327.554 JLINK_CORESIGHT_WriteAPDPReg(AP reg 0x00, 0x80000002)
TF6BD0F40 000:327.752 - 0.198ms returns 0
TF6BD0F40 000:327.758 JLINK_CORESIGHT_WriteAPDPReg(AP reg 0x01, 0x80011140)
TF6BD0F40 000:327.955 - 0.197ms returns 0
TF6BD0F40 000:327.961 JLINK_CORESIGHT_ReadAPDPReg(AP reg 0x03)
TF6BD0F40 000:328.252   Value=0x00000000
TF6BD0F40 000:328.258 - 0.297ms returns 0
TF6BD0F40 000:328.263 JLINK_CORESIGHT_WriteAPDPReg(AP reg 0x00, 0x80000002)
TF6BD0F40 000:328.433 - 0.170ms returns 0
TF6BD0F40 000:328.441 JLINK_CORESIGHT_WriteAPDPReg(AP reg 0x01, 0x80011130)
TF6BD0F40 000:328.619 - 0.178ms returns 0
TF6BD0F40 000:328.625 JLINK_CORESIGHT_ReadAPDPReg(AP reg 0x03)
TF6BD0F40 000:328.865   Value=0x72012D34
TF6BD0F40 000:328.871 - 0.246ms returns 0
TF6BD0F40 000:328.875 JLINK_CORESIGHT_WriteAPDPReg(AP reg 0x00, 0x80000002)
TF6BD0F40 000:329.048 - 0.173ms returns 0
TF6BD0F40 000:329.054 JLINK_CORESIGHT_WriteAPDPReg(AP reg 0x01, 0x80011140)
TF6BD0F40 000:329.231 - 0.177ms returns 0
TF6BD0F40 000:329.238 JLINK_CORESIGHT_ReadAPDPReg(AP reg 0x03)
TF6BD0F40 000:329.474   Value=0x00000000
TF6BD0F40 000:329.481 - 0.243ms returns 0
TF6BD0F40 000:329.487 JLINK_CORESIGHT_WriteAPDPReg(AP reg 0x00, 0x80000002)
TF6BD0F40 000:329.775 - 0.288ms returns 0
TF6BD0F40 000:329.782 JLINK_CORESIGHT_WriteAPDPReg(AP reg 0x01, 0x80011130)
TF6BD0F40 000:329.969 - 0.187ms returns 0
TF6BD0F40 000:329.975 JLINK_CORESIGHT_ReadAPDPReg(AP reg 0x03)
TF6BD0F40 000:330.216   Value=0x4B375279
TF6BD0F40 000:330.222 - 0.247ms returns 0
TF6BD0F40 000:330.227 JLINK_CORESIGHT_WriteAPDPReg(AP reg 0x00, 0x80000002)
TF6BD0F40 000:330.425 - 0.198ms returns 0
TF6BD0F40 000:330.431 JLINK_CORESIGHT_WriteAPDPReg(AP reg 0x01, 0x80011140)
TF6BD0F40 000:330.624 - 0.193ms returns 0
TF6BD0F40 000:330.631 JLINK_CORESIGHT_ReadAPDPReg(AP reg 0x03)
TF6BD0F40 000:330.880   Value=0x00000000
TF6BD0F40 000:330.887 - 0.256ms returns 0
TF6BD0F40 000:330.891 JLINK_CORESIGHT_WriteAPDPReg(AP reg 0x00, 0x80000002)
TF6BD0F40 000:331.093 - 0.201ms returns 0
TF6BD0F40 000:331.098 JLINK_CORESIGHT_WriteAPDPReg(AP reg 0x01, 0x80011130)
TF6BD0F40 000:331.304 - 0.206ms returns 0
TF6BD0F40 000:331.310 JLINK_CORESIGHT_ReadAPDPReg(AP reg 0x03)
TF6BD0F40 000:331.559   Value=0x31503841
TF6BD0F40 000:331.565 - 0.255ms returns 0
TF6BD0F40 000:331.569 JLINK_CORESIGHT_WriteAPDPReg(AP reg 0x00, 0x80000002)
TF6BD0F40 000:331.763 - 0.194ms returns 0
TF6BD0F40 000:331.770 JLINK_CORESIGHT_WriteAPDPReg(AP reg 0x01, 0x80011140)
TF6BD0F40 000:331.962 - 0.191ms returns 0
TF6BD0F40 000:331.971 JLINK_CORESIGHT_ReadAPDPReg(AP reg 0x03)
TF6BD0F40 000:332.222   Value=0x00000000
TF6BD0F40 000:332.228 - 0.258ms returns 0
TF6BD0F40 000:332.233 JLINK_CORESIGHT_WriteAPDPReg(AP reg 0x00, 0x80000002)
TF6BD0F40 000:332.414 - 0.181ms returns 0
TF6BD0F40 000:332.419 JLINK_CORESIGHT_WriteAPDPReg(AP reg 0x01, 0x80011130)
TF6BD0F40 000:332.606 - 0.187ms returns 0
TF6BD0F40 000:332.611 JLINK_CORESIGHT_ReadAPDPReg(AP reg 0x03)
TF6BD0F40 000:332.847   Value=0x434C464B
TF6BD0F40 000:332.853 - 0.242ms returns 0
TF6BD0F40 000:332.857 JLINK_CORESIGHT_WriteAPDPReg(AP reg 0x00, 0x80000002)
TF6BD0F40 000:333.041 - 0.184ms returns 0
TF6BD0F40 000:333.047 JLINK_CORESIGHT_WriteAPDPReg(AP reg 0x01, 0x80011140)
TF6BD0F40 000:333.248 - 0.201ms returns 0
TF6BD0F40 000:333.254 JLINK_CORESIGHT_ReadAPDPReg(AP reg 0x03)
TF6BD0F40 000:333.490   Value=0x00000000
TF6BD0F40 000:333.495 - 0.241ms returns 0
TF6BD0F40 000:333.500 JLINK_CORESIGHT_WriteAPDPReg(AP reg 0x00, 0x80000002)
TF6BD0F40 000:333.700 - 0.200ms returns 0
TF6BD0F40 000:333.705 JLINK_CORESIGHT_WriteAPDPReg(AP reg 0x01, 0x80011130)
TF6BD0F40 000:333.906 - 0.201ms returns 0
TF6BD0F40 000:333.911 JLINK_CORESIGHT_ReadAPDPReg(AP reg 0x03)
TF6BD0F40 000:334.173   Value=0x20204341
TF6BD0F40 000:334.180 - 0.269ms returns 0
TF6BD0F40 000:334.184 JLINK_CORESIGHT_WriteAPDPReg(AP reg 0x00, 0x80000002)
TF6BD0F40 000:334.361 - 0.177ms returns 0
TF6BD0F40 000:334.367 JLINK_CORESIGHT_WriteAPDPReg(AP reg 0x01, 0x80011140)
TF6BD0F40 000:334.541 - 0.174ms returns 0
TF6BD0F40 000:334.548 JLINK_CORESIGHT_ReadAPDPReg(AP reg 0x03)
TF6BD0F40 000:334.777   Value=0x00000000
TF6BD0F40 000:334.784 - 0.236ms returns 0
TF6BD0F40 000:334.788 JLINK_CORESIGHT_WriteAPDPReg(AP reg 0x00, 0x80000002)
TF6BD0F40 000:334.994 - 0.206ms returns 0
TF6BD0F40 000:335.006 JLINK_CORESIGHT_WriteAPDPReg(AP reg 0x01, 0x80011130)
TF6BD0F40 000:335.231 - 0.225ms returns 0
TF6BD0F40 000:335.237 JLINK_CORESIGHT_ReadAPDPReg(AP reg 0x03)
TF6BD0F40 000:335.489   Value=0x0003DD20
TF6BD0F40 000:335.495 - 0.258ms returns 0
TF6BD0F40 000:335.634 JLINK_CORESIGHT_WriteAPDPReg(AP reg 0x00, 0x80000002)
TF6BD0F40 000:335.844 - 0.210ms returns 0
TF6BD0F40 000:335.849 JLINK_CORESIGHT_WriteAPDPReg(AP reg 0x01, 0x80011140)
TF6BD0F40 000:336.108 - 0.259ms returns 0
TF6BD0F40 000:336.113 JLINK_CORESIGHT_ReadAPDPReg(AP reg 0x03)
TF6BD0F40 000:336.355   Value=0x00000002
TF6BD0F40 000:336.361 - 0.248ms returns 0
TF6BD0F40 000:336.365 JLINK_CORESIGHT_WriteAPDPReg(AP reg 0x00, 0x80000002)
TF6BD0F40 000:336.567 - 0.202ms returns 0
TF6BD0F40 000:336.571 JLINK_CORESIGHT_WriteAPDPReg(AP reg 0x01, 0x80011120)
TF6BD0F40 000:336.768 - 0.197ms returns 0
TF6BD0F40 000:336.773 JLINK_CORESIGHT_WriteAPDPReg(AP reg 0x03, 0x39020001)
TF6BD0F40 000:336.973 - 0.200ms returns 0
TF6BD0F40 000:336.978 JLINK_CORESIGHT_WriteAPDPReg(AP reg 0x00, 0x80000002)
TF6BD0F40 000:337.197 - 0.219ms returns 0
TF6BD0F40 000:337.202 JLINK_CORESIGHT_WriteAPDPReg(AP reg 0x01, 0x80011140)
TF6BD0F40 000:337.404 - 0.202ms returns 0
TF6BD0F40 000:337.409 JLINK_CORESIGHT_ReadAPDPReg(AP reg 0x03)
TF6BD0F40 000:337.649   Value=0x00000002
TF6BD0F40 000:337.655 - 0.246ms returns 0
TF6BD0F40 000:337.659 JLINK_CORESIGHT_WriteAPDPReg(AP reg 0x00, 0x80000002)
TF6BD0F40 000:337.846 - 0.187ms returns 0
TF6BD0F40 000:337.851 JLINK_CORESIGHT_WriteAPDPReg(AP reg 0x01, 0x80011120)
TF6BD0F40 000:338.073 - 0.222ms returns 0
TF6BD0F40 000:338.079 JLINK_CORESIGHT_WriteAPDPReg(AP reg 0x03, 0x0003B312)
TF6BD0F40 000:338.252 - 0.173ms returns 0
TF6BD0F40 000:338.257 JLINK_CORESIGHT_WriteAPDPReg(AP reg 0x00, 0x80000002)
TF6BD0F40 000:338.437 - 0.181ms returns 0
TF6BD0F40 000:338.442 JLINK_CORESIGHT_WriteAPDPReg(AP reg 0x01, 0x80011140)
TF6BD0F40 000:338.615 - 0.174ms returns 0
TF6BD0F40 000:338.620 JLINK_CORESIGHT_ReadAPDPReg(AP reg 0x03)
TF6BD0F40 000:338.848   Value=0x00000000
TF6BD0F40 000:338.853 - 0.233ms returns 0
TF6BD0F40 000:338.857 JLINK_CORESIGHT_WriteAPDPReg(AP reg 0x00, 0x80000002)
TF6BD0F40 000:339.056 - 0.199ms returns 0
TF6BD0F40 000:339.060 JLINK_CORESIGHT_WriteAPDPReg(AP reg 0x01, 0x80011130)
TF6BD0F40 000:339.257 - 0.197ms returns 0
TF6BD0F40 000:339.262 JLINK_CORESIGHT_ReadAPDPReg(AP reg 0x03)
TF6BD0F40 000:339.516   Value=0xB90A0081
TF6BD0F40 000:339.521 - 0.259ms returns 0
TF6BD0F40 000:339.525 JLINK_CORESIGHT_WriteAPDPReg(AP reg 0x00, 0x80000002)
TF6BD0F40 000:339.727 - 0.202ms returns 0
TF6BD0F40 000:339.731 JLINK_CORESIGHT_WriteAPDPReg(AP reg 0x01, 0x80011140)
TF6BD0F40 000:339.937 - 0.206ms returns 0
TF6BD0F40 000:339.942 JLINK_CORESIGHT_ReadAPDPReg(AP reg 0x03)
TF6BD0F40 000:340.204   Value=0x00000000
TF6BD0F40 000:340.209 - 0.267ms returns 0
TF6BD0F40 000:340.213 JLINK_CORESIGHT_WriteAPDPReg(AP reg 0x00, 0x80000002)
TF6BD0F40 000:340.418 - 0.205ms returns 0
TF6BD0F40 000:340.423 JLINK_CORESIGHT_WriteAPDPReg(AP reg 0x01, 0x80011130)
TF6BD0F40 000:340.625 - 0.202ms returns 0
TF6BD0F40 000:340.630 JLINK_CORESIGHT_ReadAPDPReg(AP reg 0x03)
TF6BD0F40 000:340.878   Value=0xFFFFFFC0
TF6BD0F40 000:340.884 - 0.254ms returns 0
TF6BD0F40 000:340.888 JLINK_CORESIGHT_WriteAPDPReg(AP reg 0x00, 0x80000002)
TF6BD0F40 000:341.152 - 0.264ms returns 0
TF6BD0F40 000:341.157 JLINK_CORESIGHT_WriteAPDPReg(AP reg 0x01, 0x80011140)
TF6BD0F40 000:341.351 - 0.194ms returns 0
TF6BD0F40 000:341.356 JLINK_CORESIGHT_ReadAPDPReg(AP reg 0x03)
TF6BD0F40 000:341.616   Value=0x00000000
TF6BD0F40 000:341.622 - 0.267ms returns 0
TF6BD0F40 000:341.625 JLINK_CORESIGHT_WriteAPDPReg(AP reg 0x00, 0x80000002)
TF6BD0F40 000:341.842 - 0.217ms returns 0
TF6BD0F40 000:341.847 JLINK_CORESIGHT_WriteAPDPReg(AP reg 0x01, 0x80011130)
TF6BD0F40 000:342.034 - 0.188ms returns 0
TF6BD0F40 000:342.039 JLINK_CORESIGHT_ReadAPDPReg(AP reg 0x03)
TF6BD0F40 000:342.294   Value=0xFFFFFFFF
TF6BD0F40 000:342.304 - 0.265ms returns 0
TF6BD0F40 000:342.307 JLINK_CORESIGHT_WriteAPDPReg(AP reg 0x00, 0x80000002)
TF6BD0F40 000:342.515 - 0.208ms returns 0
TF6BD0F40 000:342.520 JLINK_CORESIGHT_WriteAPDPReg(AP reg 0x01, 0x80011140)
TF6BD0F40 000:342.714 - 0.194ms returns 0
TF6BD0F40 000:342.719 JLINK_CORESIGHT_ReadAPDPReg(AP reg 0x03)
TF6BD0F40 000:342.987   Value=0x00000000
TF6BD0F40 000:342.993 - 0.274ms returns 0
TF6BD0F40 000:342.997 JLINK_CORESIGHT_WriteAPDPReg(AP reg 0x00, 0x80000002)
TF6BD0F40 000:343.176 - 0.180ms returns 0
TF6BD0F40 000:343.181 JLINK_CORESIGHT_WriteAPDPReg(AP reg 0x01, 0x80011130)
TF6BD0F40 000:343.360 - 0.179ms returns 0
TF6BD0F40 000:343.365 JLINK_CORESIGHT_ReadAPDPReg(AP reg 0x03)
TF6BD0F40 000:343.591   Value=0x000385FF
TF6BD0F40 000:343.597 - 0.232ms returns 0
TF6BD0F40 000:343.636 JLINK_CORESIGHT_WriteAPDPReg(AP reg 0x00, 0x80000002)
TF6BD0F40 000:343.814 - 0.178ms returns 0
TF6BD0F40 000:343.819 JLINK_CORESIGHT_WriteAPDPReg(AP reg 0x01, 0x80011140)
TF6BD0F40 000:343.988 - 0.169ms returns 0
TF6BD0F40 000:343.993 JLINK_CORESIGHT_ReadAPDPReg(AP reg 0x03)
TF6BD0F40 000:344.218   Value=0x00000002
TF6BD0F40 000:344.223 - 0.230ms returns 0
TF6BD0F40 000:344.227 JLINK_CORESIGHT_WriteAPDPReg(AP reg 0x00, 0x80000002)
TF6BD0F40 000:344.479 - 0.251ms returns 0
TF6BD0F40 000:344.485 JLINK_CORESIGHT_WriteAPDPReg(AP reg 0x01, 0x80011120)
TF6BD0F40 000:344.691 - 0.206ms returns 0
TF6BD0F40 000:344.696 JLINK_CORESIGHT_WriteAPDPReg(AP reg 0x03, 0x2C010001)
TF6BD0F40 000:344.955 - 0.259ms returns 0
TF6BD0F40 000:344.960 JLINK_CORESIGHT_WriteAPDPReg(AP reg 0x00, 0x80000002)
TF6BD0F40 000:345.140 - 0.180ms returns 0
TF6BD0F40 000:345.144 JLINK_CORESIGHT_WriteAPDPReg(AP reg 0x01, 0x80011140)
TF6BD0F40 000:345.351 - 0.207ms returns 0
TF6BD0F40 000:345.356 JLINK_CORESIGHT_ReadAPDPReg(AP reg 0x03)
TF6BD0F40 000:345.596   Value=0x00000002
TF6BD0F40 000:345.602 - 0.246ms returns 0
TF6BD0F40 000:345.606 JLINK_CORESIGHT_WriteAPDPReg(AP reg 0x00, 0x80000002)
TF6BD0F40 000:345.787 - 0.181ms returns 0
TF6BD0F40 000:345.792 JLINK_CORESIGHT_WriteAPDPReg(AP reg 0x01, 0x80011120)
TF6BD0F40 000:346.000 - 0.209ms returns 0
TF6BD0F40 000:346.005 JLINK_CORESIGHT_WriteAPDPReg(AP reg 0x03, 0x000003D3)
TF6BD0F40 000:346.196 - 0.191ms returns 0
TF6BD0F40 000:346.200 JLINK_CORESIGHT_WriteAPDPReg(AP reg 0x00, 0x80000002)
TF6BD0F40 000:346.416 - 0.216ms returns 0
TF6BD0F40 000:346.421 JLINK_CORESIGHT_WriteAPDPReg(AP reg 0x01, 0x80011140)
TF6BD0F40 000:346.644 - 0.223ms returns 0
TF6BD0F40 000:346.649 JLINK_CORESIGHT_ReadAPDPReg(AP reg 0x03)
TF6BD0F40 000:346.939   Value=0x00000002
TF6BD0F40 000:346.961 - 0.312ms returns 0
TF6BD0F40 000:346.966 JLINK_CORESIGHT_ReadAPDPReg(AP reg 0x03)
TF6BD0F40 000:347.196   Value=0x00000002
TF6BD0F40 000:347.202 - 0.236ms returns 0
TF6BD0F40 000:347.206 JLINK_CORESIGHT_ReadAPDPReg(AP reg 0x03)
TF6BD0F40 000:347.433   Value=0x00000002
TF6BD0F40 000:347.439 - 0.233ms returns 0
TF6BD0F40 000:347.443 JLINK_CORESIGHT_ReadAPDPReg(AP reg 0x03)
TF6BD0F40 000:347.671   Value=0x00000002
TF6BD0F40 000:347.677 - 0.234ms returns 0
TF6BD0F40 000:347.681 JLINK_CORESIGHT_ReadAPDPReg(AP reg 0x03)
TF6BD0F40 000:347.927   Value=0x00000002
TF6BD0F40 000:347.932 - 0.251ms returns 0
TF6BD0F40 000:347.936 JLINK_CORESIGHT_ReadAPDPReg(AP reg 0x03)
TF6BD0F40 000:348.179   Value=0x00000002
TF6BD0F40 000:348.184 - 0.248ms returns 0
TF6BD0F40 000:348.188 JLINK_CORESIGHT_ReadAPDPReg(AP reg 0x03)
TF6BD0F40 000:348.420   Value=0x00000002
TF6BD0F40 000:348.425 - 0.237ms returns 0
TF6BD0F40 000:348.429 JLINK_CORESIGHT_ReadAPDPReg(AP reg 0x03)
TF6BD0F40 000:348.666   Value=0x00000002
TF6BD0F40 000:348.671 - 0.242ms returns 0
TF6BD0F40 000:348.674 JLINK_CORESIGHT_ReadAPDPReg(AP reg 0x03)
TF6BD0F40 000:348.913   Value=0x00000002
TF6BD0F40 000:348.920 - 0.246ms returns 0
TF6BD0F40 000:348.924 JLINK_CORESIGHT_ReadAPDPReg(AP reg 0x03)
TF6BD0F40 000:349.179   Value=0x00000000
TF6BD0F40 000:349.185 - 0.261ms returns 0
TF6BD0F40 000:349.189 JLINK_CORESIGHT_WriteAPDPReg(AP reg 0x00, 0x80000002)
TF6BD0F40 000:349.392 - 0.203ms returns 0
TF6BD0F40 000:349.397 JLINK_CORESIGHT_WriteAPDPReg(AP reg 0x01, 0x80011130)
TF6BD0F40 000:349.596 - 0.199ms returns 0
TF6BD0F40 000:349.601 JLINK_CORESIGHT_ReadAPDPReg(AP reg 0x03)
TF6BD0F40 000:349.876   Value=0x2C020081
TF6BD0F40 000:349.881 - 0.280ms returns 0
TF6BD0F40 000:349.885 JLINK_CORESIGHT_WriteAPDPReg(AP reg 0x00, 0x80000002)
TF6BD0F40 000:350.065 - 0.180ms returns 0
TF6BD0F40 000:350.070 JLINK_CORESIGHT_WriteAPDPReg(AP reg 0x01, 0x80011140)
TF6BD0F40 000:350.242 - 0.172ms returns 0
TF6BD0F40 000:350.247 JLINK_CORESIGHT_ReadAPDPReg(AP reg 0x03)
TF6BD0F40 000:350.480   Value=0x00000000
TF6BD0F40 000:350.486 - 0.239ms returns 0
TF6BD0F40 000:350.489 JLINK_CORESIGHT_WriteAPDPReg(AP reg 0x00, 0x80000002)
TF6BD0F40 000:350.664 - 0.175ms returns 0
TF6BD0F40 000:350.669 JLINK_CORESIGHT_WriteAPDPReg(AP reg 0x01, 0x80011130)
TF6BD0F40 000:350.862 - 0.193ms returns 0
TF6BD0F40 000:350.866 JLINK_CORESIGHT_ReadAPDPReg(AP reg 0x03)
TF6BD0F40 000:351.096   Value=0x0003CE04
TF6BD0F40 000:351.101 - 0.235ms returns 0
TF6BD0F40 000:351.106 JLINK_CORESIGHT_WriteAPDPReg(AP reg 0x00, 0x80000002)
TF6BD0F40 000:351.295 - 0.190ms returns 0
TF6BD0F40 000:351.299 JLINK_CORESIGHT_WriteAPDPReg(AP reg 0x01, 0x80011140)
TF6BD0F40 000:351.496 - 0.197ms returns 0
TF6BD0F40 000:351.500 JLINK_CORESIGHT_ReadAPDPReg(AP reg 0x03)
TF6BD0F40 000:351.745   Value=0x00000002
TF6BD0F40 000:351.751 - 0.251ms returns 0
TF6BD0F40 000:351.754 JLINK_CORESIGHT_WriteAPDPReg(AP reg 0x00, 0x80000002)
TF6BD0F40 000:351.959 - 0.205ms returns 0
TF6BD0F40 000:351.964 JLINK_CORESIGHT_WriteAPDPReg(AP reg 0x01, 0x80011120)
TF6BD0F40 000:352.154 - 0.191ms returns 0
TF6BD0F40 000:352.159 JLINK_CORESIGHT_WriteAPDPReg(AP reg 0x03, 0x73010001)
TF6BD0F40 000:352.357 - 0.198ms returns 0
TF6BD0F40 000:352.362 JLINK_CORESIGHT_WriteAPDPReg(AP reg 0x00, 0x80000002)
TF6BD0F40 000:352.564 - 0.202ms returns 0
TF6BD0F40 000:352.568 JLINK_CORESIGHT_WriteAPDPReg(AP reg 0x01, 0x80011140)
TF6BD0F40 000:352.844 - 0.275ms returns 0
TF6BD0F40 000:352.848 JLINK_CORESIGHT_ReadAPDPReg(AP reg 0x03)
TF6BD0F40 000:353.104   Value=0x00000002
TF6BD0F40 000:353.110 - 0.262ms returns 0
TF6BD0F40 000:353.113 JLINK_CORESIGHT_WriteAPDPReg(AP reg 0x00, 0x80000002)
TF6BD0F40 000:353.308 - 0.195ms returns 0
TF6BD0F40 000:353.312 JLINK_CORESIGHT_WriteAPDPReg(AP reg 0x01, 0x80011120)
TF6BD0F40 000:353.520 - 0.207ms returns 0
TF6BD0F40 000:353.525 JLINK_CORESIGHT_WriteAPDPReg(AP reg 0x03, 0x0000038C)
TF6BD0F40 000:353.698 - 0.172ms returns 0
TF6BD0F40 000:353.702 JLINK_CORESIGHT_WriteAPDPReg(AP reg 0x00, 0x80000002)
TF6BD0F40 000:353.942 - 0.240ms returns 0
TF6BD0F40 000:353.946 JLINK_CORESIGHT_WriteAPDPReg(AP reg 0x01, 0x80011140)
TF6BD0F40 000:354.133 - 0.187ms returns 0
TF6BD0F40 000:354.137 JLINK_CORESIGHT_ReadAPDPReg(AP reg 0x03)
TF6BD0F40 000:354.363   Value=0x00000002
TF6BD0F40 000:354.369 - 0.232ms returns 0
TF6BD0F40 000:354.372 JLINK_CORESIGHT_ReadAPDPReg(AP reg 0x03)
TF6BD0F40 000:354.600   Value=0x00000002
TF6BD0F40 000:354.606 - 0.234ms returns 0
TF6BD0F40 000:354.609 JLINK_CORESIGHT_ReadAPDPReg(AP reg 0x03)
TF6BD0F40 000:354.828   Value=0x00000002
TF6BD0F40 000:354.833 - 0.224ms returns 0
TF6BD0F40 000:354.837 JLINK_CORESIGHT_ReadAPDPReg(AP reg 0x03)
TF6BD0F40 000:355.054   Value=0x00000002
TF6BD0F40 000:355.060 - 0.223ms returns 0
TF6BD0F40 000:355.063 JLINK_CORESIGHT_ReadAPDPReg(AP reg 0x03)
TF6BD0F40 000:355.284   Value=0x00000000
TF6BD0F40 000:355.289 - 0.226ms returns 0
TF6BD0F40 000:355.293 JLINK_CORESIGHT_WriteAPDPReg(AP reg 0x00, 0x80000002)
TF6BD0F40 000:355.481 - 0.189ms returns 0
TF6BD0F40 000:355.486 JLINK_CORESIGHT_WriteAPDPReg(AP reg 0x01, 0x80011130)
TF6BD0F40 000:355.686 - 0.200ms returns 0
TF6BD0F40 000:355.690 JLINK_CORESIGHT_ReadAPDPReg(AP reg 0x03)
TF6BD0F40 000:355.953   Value=0x73020081
TF6BD0F40 000:355.958 - 0.268ms returns 0
TF6BD0F40 000:355.961 JLINK_CORESIGHT_WriteAPDPReg(AP reg 0x00, 0x80000002)
TF6BD0F40 000:356.162 - 0.201ms returns 0
TF6BD0F40 000:356.170 JLINK_CORESIGHT_WriteAPDPReg(AP reg 0x01, 0x80011140)
TF6BD0F40 000:356.371 - 0.201ms returns 0
TF6BD0F40 000:356.376 JLINK_CORESIGHT_ReadAPDPReg(AP reg 0x03)
TF6BD0F40 000:356.623   Value=0x00000000
TF6BD0F40 000:356.628 - 0.252ms returns 0
TF6BD0F40 000:356.632 JLINK_CORESIGHT_WriteAPDPReg(AP reg 0x00, 0x80000002)
TF6BD0F40 000:356.886 - 0.254ms returns 0
TF6BD0F40 000:356.891 JLINK_CORESIGHT_WriteAPDPReg(AP reg 0x01, 0x80011130)
TF6BD0F40 000:357.091 - 0.200ms returns 0
TF6BD0F40 000:357.095 JLINK_CORESIGHT_ReadAPDPReg(AP reg 0x03)
TF6BD0F40 000:357.337   Value=0x00038902
TF6BD0F40 000:357.342 - 0.247ms returns 0
TF6BD0F40 000:357.346 JLINK_CORESIGHT_WriteAPDPReg(AP reg 0x00, 0x80000002)
TF6BD0F40 000:357.522 - 0.176ms returns 0
TF6BD0F40 000:357.527 JLINK_CORESIGHT_WriteAPDPReg(AP reg 0x01, 0x80011140)
TF6BD0F40 000:357.760 - 0.233ms returns 0
TF6BD0F40 000:357.764 JLINK_CORESIGHT_ReadAPDPReg(AP reg 0x03)
TF6BD0F40 000:358.008   Value=0x00000002
TF6BD0F40 000:358.014 - 0.250ms returns 0
TF6BD0F40 000:358.017 JLINK_CORESIGHT_WriteAPDPReg(AP reg 0x00, 0x80000002)
TF6BD0F40 000:358.218 - 0.201ms returns 0
TF6BD0F40 000:358.223 JLINK_CORESIGHT_WriteAPDPReg(AP reg 0x01, 0x80011120)
TF6BD0F40 000:358.409 - 0.186ms returns 0
TF6BD0F40 000:358.414 JLINK_CORESIGHT_WriteAPDPReg(AP reg 0x03, 0x75010001)
TF6BD0F40 000:358.629 - 0.215ms returns 0
TF6BD0F40 000:358.633 JLINK_CORESIGHT_WriteAPDPReg(AP reg 0x00, 0x80000002)
TF6BD0F40 000:358.836 - 0.203ms returns 0
TF6BD0F40 000:358.840 JLINK_CORESIGHT_WriteAPDPReg(AP reg 0x01, 0x80011140)
TF6BD0F40 000:359.049 - 0.209ms returns 0
TF6BD0F40 000:359.054 JLINK_CORESIGHT_ReadAPDPReg(AP reg 0x03)
TF6BD0F40 000:359.304   Value=0x00000002
TF6BD0F40 000:359.311 - 0.257ms returns 0
TF6BD0F40 000:359.314 JLINK_CORESIGHT_WriteAPDPReg(AP reg 0x00, 0x80000002)
TF6BD0F40 000:359.490 - 0.176ms returns 0
TF6BD0F40 000:359.495 JLINK_CORESIGHT_WriteAPDPReg(AP reg 0x01, 0x80011120)
TF6BD0F40 000:359.712 - 0.217ms returns 0
TF6BD0F40 000:359.716 JLINK_CORESIGHT_WriteAPDPReg(AP reg 0x03, 0x0000038A)
TF6BD0F40 000:359.895 - 0.179ms returns 0
TF6BD0F40 000:359.900 JLINK_CORESIGHT_WriteAPDPReg(AP reg 0x00, 0x80000002)
TF6BD0F40 000:360.070 - 0.171ms returns 0
TF6BD0F40 000:360.079 JLINK_CORESIGHT_WriteAPDPReg(AP reg 0x01, 0x80011140)
TF6BD0F40 000:360.274 - 0.194ms returns 0
TF6BD0F40 000:360.278 JLINK_CORESIGHT_ReadAPDPReg(AP reg 0x03)
TF6BD0F40 000:360.507   Value=0x00000002
TF6BD0F40 000:360.513 - 0.235ms returns 0
TF6BD0F40 000:360.516 JLINK_CORESIGHT_ReadAPDPReg(AP reg 0x03)
TF6BD0F40 000:360.750   Value=0x00000002
TF6BD0F40 000:360.755 - 0.239ms returns 0
TF6BD0F40 000:360.759 JLINK_CORESIGHT_ReadAPDPReg(AP reg 0x03)
TF6BD0F40 000:360.967   Value=0x00000002
TF6BD0F40 000:360.973 - 0.214ms returns 0
TF6BD0F40 000:360.977 JLINK_CORESIGHT_ReadAPDPReg(AP reg 0x03)
TF6BD0F40 000:361.210   Value=0x00000000
TF6BD0F40 000:361.216 - 0.239ms returns 0
TF6BD0F40 000:361.219 JLINK_CORESIGHT_WriteAPDPReg(AP reg 0x00, 0x80000002)
TF6BD0F40 000:361.429 - 0.210ms returns 0
TF6BD0F40 000:361.434 JLINK_CORESIGHT_WriteAPDPReg(AP reg 0x01, 0x80011130)
TF6BD0F40 000:361.693 - 0.259ms returns 0
TF6BD0F40 000:361.698 JLINK_CORESIGHT_ReadAPDPReg(AP reg 0x03)
TF6BD0F40 000:361.977   Value=0x75020081
TF6BD0F40 000:361.983 - 0.285ms returns 0
TF6BD0F40 000:361.987 JLINK_CORESIGHT_WriteAPDPReg(AP reg 0x00, 0x80000002)
TF6BD0F40 000:362.182 - 0.195ms returns 0
TF6BD0F40 000:362.186 JLINK_CORESIGHT_WriteAPDPReg(AP reg 0x01, 0x80011140)
TF6BD0F40 000:362.368 - 0.181ms returns 0
TF6BD0F40 000:362.372 JLINK_CORESIGHT_ReadAPDPReg(AP reg 0x03)
TF6BD0F40 000:362.670   Value=0x00000000
TF6BD0F40 000:362.676 - 0.304ms returns 0
TF6BD0F40 000:362.679 JLINK_CORESIGHT_WriteAPDPReg(AP reg 0x00, 0x80000002)
TF6BD0F40 000:362.859 - 0.180ms returns 0
TF6BD0F40 000:362.864 JLINK_CORESIGHT_WriteAPDPReg(AP reg 0x01, 0x80011130)
TF6BD0F40 000:363.037 - 0.173ms returns 0
TF6BD0F40 000:363.043 JLINK_CORESIGHT_ReadAPDPReg(AP reg 0x03)
TF6BD0F40 000:363.283   Value=0x00038702
TF6BD0F40 000:363.293 - 0.250ms returns 0
TF6BD0F40 000:363.389 JLINK_CORESIGHT_WriteAPDPReg(AP reg 0x00, 0x80000002)
TF6BD0F40 000:363.652 - 0.263ms returns 0
TF6BD0F40 000:363.657 JLINK_CORESIGHT_WriteAPDPReg(AP reg 0x01, 0x80011140)
TF6BD0F40 000:363.852 - 0.196ms returns 0
TF6BD0F40 000:363.857 JLINK_CORESIGHT_ReadAPDPReg(AP reg 0x03)
TF6BD0F40 000:364.099   Value=0x00000002
TF6BD0F40 000:364.104 - 0.247ms returns 0
TF6BD0F40 000:364.108 JLINK_CORESIGHT_WriteAPDPReg(AP reg 0x00, 0x80000002)
TF6BD0F40 000:364.300 - 0.193ms returns 0
TF6BD0F40 000:364.304 JLINK_CORESIGHT_WriteAPDPReg(AP reg 0x01, 0x80011120)
TF6BD0F40 000:364.486 - 0.182ms returns 0
TF6BD0F40 000:364.490 JLINK_CORESIGHT_WriteAPDPReg(AP reg 0x03, 0x4F010001)
TF6BD0F40 000:364.681 - 0.191ms returns 0
TF6BD0F40 000:364.686 JLINK_CORESIGHT_WriteAPDPReg(AP reg 0x00, 0x80000002)
TF6BD0F40 000:364.897 - 0.211ms returns 0
TF6BD0F40 000:364.902 JLINK_CORESIGHT_WriteAPDPReg(AP reg 0x01, 0x80011140)
TF6BD0F40 000:365.114 - 0.213ms returns 0
TF6BD0F40 000:365.118 JLINK_CORESIGHT_ReadAPDPReg(AP reg 0x03)
TF6BD0F40 000:365.364   Value=0x00000002
TF6BD0F40 000:365.370 - 0.251ms returns 0
TF6BD0F40 000:365.373 JLINK_CORESIGHT_WriteAPDPReg(AP reg 0x00, 0x80000002)
TF6BD0F40 000:365.639 - 0.266ms returns 0
TF6BD0F40 000:365.643 JLINK_CORESIGHT_WriteAPDPReg(AP reg 0x01, 0x80011120)
TF6BD0F40 000:365.835 - 0.192ms returns 0
TF6BD0F40 000:365.839 JLINK_CORESIGHT_WriteAPDPReg(AP reg 0x03, 0x000003B0)
TF6BD0F40 000:366.045 - 0.205ms returns 0
TF6BD0F40 000:366.049 JLINK_CORESIGHT_WriteAPDPReg(AP reg 0x00, 0x80000002)
TF6BD0F40 000:366.255 - 0.206ms returns 0
TF6BD0F40 000:366.260 JLINK_CORESIGHT_WriteAPDPReg(AP reg 0x01, 0x80011140)
TF6BD0F40 000:366.460 - 0.201ms returns 0
TF6BD0F40 000:366.464 JLINK_CORESIGHT_ReadAPDPReg(AP reg 0x03)
TF6BD0F40 000:366.709   Value=0x00000002
TF6BD0F40 000:366.714 - 0.250ms returns 0
TF6BD0F40 000:366.718 JLINK_CORESIGHT_ReadAPDPReg(AP reg 0x03)
TF6BD0F40 000:366.939   Value=0x00000002
TF6BD0F40 000:366.944 - 0.226ms returns 0
TF6BD0F40 000:366.948 JLINK_CORESIGHT_ReadAPDPReg(AP reg 0x03)
TF6BD0F40 000:367.166   Value=0x00000002
TF6BD0F40 000:367.171 - 0.223ms returns 0
TF6BD0F40 000:367.175 JLINK_CORESIGHT_ReadAPDPReg(AP reg 0x03)
TF6BD0F40 000:367.395   Value=0x00000002
TF6BD0F40 000:367.400 - 0.225ms returns 0
TF6BD0F40 000:367.404 JLINK_CORESIGHT_ReadAPDPReg(AP reg 0x03)
TF6BD0F40 000:367.628   Value=0x00000002
TF6BD0F40 000:367.634 - 0.231ms returns 0
TF6BD0F40 000:367.637 JLINK_CORESIGHT_ReadAPDPReg(AP reg 0x03)
TF6BD0F40 000:367.866   Value=0x00000002
TF6BD0F40 000:367.872 - 0.235ms returns 0
TF6BD0F40 000:367.875 JLINK_CORESIGHT_ReadAPDPReg(AP reg 0x03)
TF6BD0F40 000:368.102   Value=0x00000002
TF6BD0F40 000:368.108 - 0.233ms returns 0
TF6BD0F40 000:368.111 JLINK_CORESIGHT_ReadAPDPReg(AP reg 0x03)
TF6BD0F40 000:368.346   Value=0x00000002
TF6BD0F40 000:368.352 - 0.241ms returns 0
TF6BD0F40 000:368.355 JLINK_CORESIGHT_ReadAPDPReg(AP reg 0x03)
TF6BD0F40 000:368.587   Value=0x00000002
TF6BD0F40 000:368.592 - 0.237ms returns 0
TF6BD0F40 000:368.596 JLINK_CORESIGHT_ReadAPDPReg(AP reg 0x03)
TF6BD0F40 000:368.843   Value=0x00000002
TF6BD0F40 000:368.848 - 0.252ms returns 0
TF6BD0F40 000:368.851 JLINK_CORESIGHT_ReadAPDPReg(AP reg 0x03)
TF6BD0F40 000:369.105   Value=0x00000002
TF6BD0F40 000:369.111 - 0.260ms returns 0
TF6BD0F40 000:369.115 JLINK_CORESIGHT_ReadAPDPReg(AP reg 0x03)
TF6BD0F40 000:369.359   Value=0x00000002
TF6BD0F40 000:369.364 - 0.249ms returns 0
TF6BD0F40 000:369.368 JLINK_CORESIGHT_ReadAPDPReg(AP reg 0x03)
TF6BD0F40 000:369.614   Value=0x00000002
TF6BD0F40 000:369.623 - 0.254ms returns 0
TF6BD0F40 000:369.626 JLINK_CORESIGHT_ReadAPDPReg(AP reg 0x03)
TF6BD0F40 000:369.866   Value=0x00000002
TF6BD0F40 000:369.872 - 0.246ms returns 0
TF6BD0F40 000:369.876 JLINK_CORESIGHT_ReadAPDPReg(AP reg 0x03)
TF6BD0F40 000:370.116   Value=0x00000000
TF6BD0F40 000:370.122 - 0.246ms returns 0
TF6BD0F40 000:370.126 JLINK_CORESIGHT_WriteAPDPReg(AP reg 0x00, 0x80000002)
TF6BD0F40 000:370.332 - 0.205ms returns 0
TF6BD0F40 000:370.337 JLINK_CORESIGHT_WriteAPDPReg(AP reg 0x01, 0x80011130)
TF6BD0F40 000:370.552 - 0.216ms returns 0
TF6BD0F40 000:370.556 JLINK_CORESIGHT_ReadAPDPReg(AP reg 0x03)
TF6BD0F40 000:370.799   Value=0x4F0B0081
TF6BD0F40 000:370.805 - 0.249ms returns 0
TF6BD0F40 000:370.808 JLINK_CORESIGHT_WriteAPDPReg(AP reg 0x00, 0x80000002)
TF6BD0F40 000:371.005 - 0.197ms returns 0
TF6BD0F40 000:371.009 JLINK_CORESIGHT_WriteAPDPReg(AP reg 0x01, 0x80011140)
TF6BD0F40 000:371.213 - 0.204ms returns 0
TF6BD0F40 000:371.218 JLINK_CORESIGHT_ReadAPDPReg(AP reg 0x03)
TF6BD0F40 000:371.530   Value=0x00000000
TF6BD0F40 000:371.536 - 0.318ms returns 0
TF6BD0F40 000:371.540 JLINK_CORESIGHT_WriteAPDPReg(AP reg 0x00, 0x80000002)
TF6BD0F40 000:371.757 - 0.217ms returns 0
TF6BD0F40 000:371.763 JLINK_CORESIGHT_WriteAPDPReg(AP reg 0x01, 0x80011130)
TF6BD0F40 000:371.972 - 0.208ms returns 0
TF6BD0F40 000:371.976 JLINK_CORESIGHT_ReadAPDPReg(AP reg 0x03)
TF6BD0F40 000:372.235   Value=0x20000000
TF6BD0F40 000:372.240 - 0.264ms returns 0
TF6BD0F40 000:372.243 JLINK_CORESIGHT_WriteAPDPReg(AP reg 0x00, 0x80000002)
TF6BD0F40 000:372.533 - 0.290ms returns 0
TF6BD0F40 000:372.538 JLINK_CORESIGHT_WriteAPDPReg(AP reg 0x01, 0x80011140)
TF6BD0F40 000:372.738 - 0.200ms returns 0
TF6BD0F40 000:372.742 JLINK_CORESIGHT_ReadAPDPReg(AP reg 0x03)
TF6BD0F40 000:372.998   Value=0x00000000
TF6BD0F40 000:373.003 - 0.261ms returns 0
TF6BD0F40 000:373.007 JLINK_CORESIGHT_WriteAPDPReg(AP reg 0x00, 0x80000002)
TF6BD0F40 000:373.208 - 0.200ms returns 0
TF6BD0F40 000:373.215 JLINK_CORESIGHT_WriteAPDPReg(AP reg 0x01, 0x80011130)
TF6BD0F40 000:373.418 - 0.203ms returns 0
TF6BD0F40 000:373.423 JLINK_CORESIGHT_ReadAPDPReg(AP reg 0x03)
TF6BD0F40 000:373.681   Value=0x00000000
TF6BD0F40 000:373.687 - 0.264ms returns 0
TF6BD0F40 000:373.690 JLINK_CORESIGHT_WriteAPDPReg(AP reg 0x00, 0x80000002)
TF6BD0F40 000:373.891 - 0.201ms returns 0
TF6BD0F40 000:373.896 JLINK_CORESIGHT_WriteAPDPReg(AP reg 0x01, 0x80011140)
TF6BD0F40 000:374.098 - 0.202ms returns 0
TF6BD0F40 000:374.102 JLINK_CORESIGHT_ReadAPDPReg(AP reg 0x03)
TF6BD0F40 000:374.362   Value=0x00000000
TF6BD0F40 000:374.368 - 0.266ms returns 0
TF6BD0F40 000:374.371 JLINK_CORESIGHT_WriteAPDPReg(AP reg 0x00, 0x80000002)
TF6BD0F40 000:374.595 - 0.224ms returns 0
TF6BD0F40 000:374.599 JLINK_CORESIGHT_WriteAPDPReg(AP reg 0x01, 0x80011130)
TF6BD0F40 000:374.804 - 0.205ms returns 0
TF6BD0F40 000:374.809 JLINK_CORESIGHT_ReadAPDPReg(AP reg 0x03)
TF6BD0F40 000:375.069   Value=0x03860000
TF6BD0F40 000:375.075 - 0.266ms returns 0
TF6BD0F40 000:375.154 JLINK_CORESIGHT_ReadAPDPReg(DP reg 0x01)
TF6BD0F40 000:375.373   Value=0xF0000F40
TF6BD0F40 000:375.379 - 0.225ms returns 0
TF6BD0F40 000:375.382 JLINK_CORESIGHT_WriteAPDPReg(DP reg 0x01, 0xA0000F40)
TF6BD0F40 000:375.583 - 0.200ms returns 0
TF6BD0F40 000:375.587 JLINK_CORESIGHT_ReadAPDPReg(DP reg 0x01)
TF6BD0F40 000:375.773   Value=0x00000F40
TF6BD0F40 000:375.778 - 0.191ms returns 0
TF6BD0F40 000:375.782 JLINK_ClrRESET()
TF6BD0F40 000:375.973 - 0.190ms 
TF6BD0F40 000:490.265 JLINK_Close()
TF6BD0F40 000:505.023 - 14.756ms
TF6BD0F40 000:505.039   
TF6BD0F40 000:505.045   Closed
